[2022-01-13 08:23:19,764: INFO/MainProcess] Connected to redis://broker:6379/0
[2022-01-13 08:23:19,772: INFO/MainProcess] mingle: searching for neighbors
[2022-01-13 08:23:20,791: INFO/MainProcess] mingle: all alone
[2022-01-13 08:23:20,810: INFO/MainProcess] celery@619ba0a6cebe ready.
[2022-01-13 08:23:24,189: INFO/MainProcess] Events of group {task} enabled by remote.
[2022-01-13 08:25:15,332: INFO/MainProcess] Task tasks.add[8d1c7dc5-e3fa-4849-a436-d7bbf4747a40] received
[2022-01-13 08:25:15,335: INFO/MainProcess] Task tasks.add[ca543020-e422-43b0-aaeb-45274c5dbca2] received
[2022-01-13 08:25:15,339: INFO/MainProcess] Task tasks.add[585e4d89-5ad9-4da9-8d26-f4f0f074483a] received
[2022-01-13 08:25:15,344: INFO/MainProcess] Task tasks.add[70c6bcdc-b9b4-426d-bb69-cf5001871533] received
[2022-01-13 08:25:15,346: INFO/MainProcess] Task tasks.add[9b0c8fcb-702e-480c-ba26-1d19614f8912] received
[2022-01-13 08:25:16,338: WARNING/ForkPoolWorker-3] 0
[2022-01-13 08:25:16,338: WARNING/ForkPoolWorker-1] 0
[2022-01-13 08:25:16,338: WARNING/ForkPoolWorker-3] 

[2022-01-13 08:25:16,338: WARNING/ForkPoolWorker-1] 

[2022-01-13 08:25:16,346: WARNING/ForkPoolWorker-2] 0
[2022-01-13 08:25:16,346: WARNING/ForkPoolWorker-4] 0
[2022-01-13 08:25:16,347: WARNING/ForkPoolWorker-2] 

[2022-01-13 08:25:16,347: WARNING/ForkPoolWorker-4] 

[2022-01-13 08:25:17,340: WARNING/ForkPoolWorker-1] 1
[2022-01-13 08:25:17,340: WARNING/ForkPoolWorker-3] 1
[2022-01-13 08:25:17,340: WARNING/ForkPoolWorker-3] 

[2022-01-13 08:25:17,340: WARNING/ForkPoolWorker-1] 

[2022-01-13 08:25:17,348: WARNING/ForkPoolWorker-4] 1
[2022-01-13 08:25:17,348: WARNING/ForkPoolWorker-4] 

[2022-01-13 08:25:17,348: WARNING/ForkPoolWorker-2] 1
[2022-01-13 08:25:17,349: WARNING/ForkPoolWorker-2] 

[2022-01-13 08:25:18,341: WARNING/ForkPoolWorker-1] 2
[2022-01-13 08:25:18,341: WARNING/ForkPoolWorker-3] 2
[2022-01-13 08:25:18,342: WARNING/ForkPoolWorker-3] 

[2022-01-13 08:25:18,342: WARNING/ForkPoolWorker-1] 

[2022-01-13 08:25:18,349: WARNING/ForkPoolWorker-2] 2
[2022-01-13 08:25:18,349: WARNING/ForkPoolWorker-4] 2
[2022-01-13 08:25:18,350: WARNING/ForkPoolWorker-2] 

[2022-01-13 08:25:18,350: WARNING/ForkPoolWorker-4] 

[2022-01-13 08:25:19,342: WARNING/ForkPoolWorker-3] 3
[2022-01-13 08:25:19,342: WARNING/ForkPoolWorker-3] 

[2022-01-13 08:25:19,343: WARNING/ForkPoolWorker-1] 3
[2022-01-13 08:25:19,343: WARNING/ForkPoolWorker-1] 

[2022-01-13 08:25:19,351: WARNING/ForkPoolWorker-2] 3
[2022-01-13 08:25:19,351: WARNING/ForkPoolWorker-4] 3
[2022-01-13 08:25:19,352: WARNING/ForkPoolWorker-4] 

[2022-01-13 08:25:19,352: WARNING/ForkPoolWorker-2] 

[2022-01-13 08:25:20,344: WARNING/ForkPoolWorker-3] 4
[2022-01-13 08:25:20,344: WARNING/ForkPoolWorker-3] 

[2022-01-13 08:25:20,345: WARNING/ForkPoolWorker-1] 4
[2022-01-13 08:25:20,345: WARNING/ForkPoolWorker-1] 

[2022-01-13 08:25:20,353: WARNING/ForkPoolWorker-2] 4
[2022-01-13 08:25:20,354: WARNING/ForkPoolWorker-2] 

[2022-01-13 08:25:20,356: WARNING/ForkPoolWorker-4] 4
[2022-01-13 08:25:20,356: WARNING/ForkPoolWorker-4] 

[2022-01-13 08:25:20,507: INFO/ForkPoolWorker-3] Task tasks.add[ca543020-e422-43b0-aaeb-45274c5dbca2] succeeded in 5.1708772130004945s: 2
[2022-01-13 08:25:20,517: INFO/ForkPoolWorker-2] Task tasks.add[585e4d89-5ad9-4da9-8d26-f4f0f074483a] succeeded in 5.172808474999329s: 4
[2022-01-13 08:25:20,517: INFO/ForkPoolWorker-4] Task tasks.add[70c6bcdc-b9b4-426d-bb69-cf5001871533] succeeded in 5.172956320002413s: 6
[2022-01-13 08:25:20,517: INFO/ForkPoolWorker-1] Task tasks.add[8d1c7dc5-e3fa-4849-a436-d7bbf4747a40] succeeded in 5.180870266001875s: 0
[2022-01-13 08:25:21,514: WARNING/ForkPoolWorker-3] 0
[2022-01-13 08:25:21,515: WARNING/ForkPoolWorker-3] 

[2022-01-13 08:25:22,516: WARNING/ForkPoolWorker-3] 1
[2022-01-13 08:25:22,516: WARNING/ForkPoolWorker-3] 

[2022-01-13 08:25:23,518: WARNING/ForkPoolWorker-3] 2
[2022-01-13 08:25:23,518: WARNING/ForkPoolWorker-3] 

[2022-01-13 08:25:24,519: WARNING/ForkPoolWorker-3] 3
[2022-01-13 08:25:24,519: WARNING/ForkPoolWorker-3] 

[2022-01-13 08:25:25,520: WARNING/ForkPoolWorker-3] 4
[2022-01-13 08:25:25,520: WARNING/ForkPoolWorker-3] 

[2022-01-13 08:25:25,554: INFO/ForkPoolWorker-3] Task tasks.add[9b0c8fcb-702e-480c-ba26-1d19614f8912] succeeded in 5.040576280000096s: 8
